<?xml version="1.0" encoding="UTF-8"?>
<coverage generated="1582183510301" clover="3.2.0">
  <project timestamp="1582183510301" name="All files">
    <metrics statements="21" coveredstatements="19" conditionals="8" coveredconditionals="5" methods="7" coveredmethods="6" elements="36" coveredelements="30" complexity="0" loc="21" ncloc="21" packages="1" files="6" classes="6"/>
    <file name="addition.js" path="C:\Users\gabe3\WebstormProjects\is219hello\addition.js">
      <metrics statements="7" coveredstatements="5" conditionals="4" coveredconditionals="1" methods="2" coveredmethods="1"/>
      <line num="3" count="1" type="stmt"/>
      <line num="4" count="1" type="cond" truecount="1" falsecount="1"/>
      <line num="5" count="0" type="stmt"/>
      <line num="6" count="0" type="stmt"/>
      <line num="10" count="1" type="stmt"/>
      <line num="12" count="1" type="stmt"/>
      <line num="16" count="1" type="stmt"/>
    </file>
    <file name="multiplication.js" path="C:\Users\gabe3\WebstormProjects\is219hello\multiplication.js">
      <metrics statements="2" coveredstatements="2" conditionals="0" coveredconditionals="0" methods="1" coveredmethods="1"/>
      <line num="2" count="1" type="stmt"/>
      <line num="4" count="1" type="stmt"/>
    </file>
    <file name="sanitization.js" path="C:\Users\gabe3\WebstormProjects\is219hello\sanitization.js">
      <metrics statements="6" coveredstatements="6" conditionals="4" coveredconditionals="4" methods="1" coveredmethods="1"/>
      <line num="3" count="2" type="stmt"/>
      <line num="4" count="2" type="cond" truecount="4" falsecount="0"/>
      <line num="5" count="1" type="stmt"/>
      <line num="7" count="1" type="stmt"/>
      <line num="9" count="1" type="stmt"/>
      <line num="13" count="1" type="stmt"/>
    </file>
    <file name="squaring.js" path="C:\Users\gabe3\WebstormProjects\is219hello\squaring.js">
      <metrics statements="2" coveredstatements="2" conditionals="0" coveredconditionals="0" methods="1" coveredmethods="1"/>
      <line num="2" count="1" type="stmt"/>
      <line num="4" count="1" type="stmt"/>
    </file>
    <file name="squareRooting.js" path="C:\Users\gabe3\WebstormProjects\is219hello\squareRooting.js">
      <metrics statements="2" coveredstatements="2" conditionals="0" coveredconditionals="0" methods="1" coveredmethods="1"/>
      <line num="2" count="1" type="stmt"/>
      <line num="4" count="1" type="stmt"/>
    </file>
    <file name="subtraction.js" path="C:\Users\gabe3\WebstormProjects\is219hello\subtraction.js">
      <metrics statements="2" coveredstatements="2" conditionals="0" coveredconditionals="0" methods="1" coveredmethods="1"/>
      <line num="2" count="1" type="stmt"/>
      <line num="4" count="1" type="stmt"/>
    </file>
  </project>
</coverage>
